  [1m[35m (1.6ms)[0m  [1m[35mCREATE TABLE "schema_migrations" ("version" varchar NOT NULL PRIMARY KEY)[0m
  [1m[35m (0.3ms)[0m  [1m[35mCREATE TABLE "ar_internal_metadata" ("key" varchar NOT NULL PRIMARY KEY, "value" varchar, "created_at" datetime(6) NOT NULL, "updated_at" datetime(6) NOT NULL)[0m
  [1m[36mActiveRecord::InternalMetadata Load (0.2ms)[0m  [1m[34mSELECT * FROM "ar_internal_metadata" WHERE "ar_internal_metadata"."key" = ? ORDER BY "ar_internal_metadata"."key" ASC LIMIT 1[0m  [[nil, "environment"]]
  [1m[36mActiveRecord::InternalMetadata Create (0.2ms)[0m  [1m[32mINSERT INTO "ar_internal_metadata" ("key", "value", "created_at", "updated_at") VALUES ('environment', 'development', '2024-06-17 11:19:15.361306', '2024-06-17 11:19:15.361313') RETURNING "key"[0m
  [1m[36mActiveRecord::SchemaMigration Load (0.1ms)[0m  [1m[34mSELECT "schema_migrations"."version" FROM "schema_migrations" ORDER BY "schema_migrations"."version" ASC[0m
Migrating to CreateQuestions (20240617111905)
  [1m[36mTRANSACTION (0.1ms)[0m  [1m[36mbegin transaction[0m
  [1m[35m (1.4ms)[0m  [1m[35mCREATE TABLE "questions" ("id" integer PRIMARY KEY AUTOINCREMENT NOT NULL, "question" varchar, "created_at" datetime(6) NOT NULL, "updated_at" datetime(6) NOT NULL)[0m
  [1m[36mActiveRecord::SchemaMigration Create (0.2ms)[0m  [1m[32mINSERT INTO "schema_migrations" ("version") VALUES ('20240617111905') RETURNING "version"[0m
  [1m[36mTRANSACTION (0.1ms)[0m  [1m[36mcommit transaction[0m
  [1m[36mActiveRecord::SchemaMigration Load (0.1ms)[0m  [1m[34mSELECT "schema_migrations"."version" FROM "schema_migrations" ORDER BY "schema_migrations"."version" ASC[0m
Started GET "/" for 127.0.0.1 at 2024-06-17 13:25:04 +0200
  [1m[36mActiveRecord::SchemaMigration Load (0.2ms)[0m  [1m[34mSELECT "schema_migrations"."version" FROM "schema_migrations" ORDER BY "schema_migrations"."version" ASC[0m
Processing by QuestionsController#index as HTML
  Rendering layout layouts/application.html.erb
  Rendering questions/index.erb within layouts/application
  Rendered questions/index.erb within layouts/application (Duration: 0.8ms | Allocations: 194)
  Rendered layout layouts/application.html.erb (Duration: 494.9ms | Allocations: 99138)
Completed 200 OK in 556ms (Views: 505.1ms | ActiveRecord: 0.0ms | Allocations: 115421)


Started GET "/" for 127.0.0.1 at 2024-06-17 13:25:13 +0200
Processing by QuestionsController#index as HTML
  Rendering layout layouts/application.html.erb
  Rendering questions/index.erb within layouts/application
  Rendered questions/index.erb within layouts/application (Duration: 0.6ms | Allocations: 94)
  Rendered layout layouts/application.html.erb (Duration: 91.1ms | Allocations: 17853)
Completed 200 OK in 98ms (Views: 94.0ms | ActiveRecord: 0.0ms | Allocations: 19491)


Started GET "/" for 127.0.0.1 at 2024-06-17 13:25:58 +0200
Processing by QuestionsController#index as HTML
  Rendering layout layouts/application.html.erb
  Rendering questions/index.html.erb within layouts/application
  Rendered questions/index.html.erb within layouts/application (Duration: 0.6ms | Allocations: 105)
  Rendered layout layouts/application.html.erb (Duration: 17.3ms | Allocations: 15453)
Completed 200 OK in 23ms (Views: 19.9ms | ActiveRecord: 0.0ms | Allocations: 17091)


Started GET "/" for 127.0.0.1 at 2024-06-17 13:26:04 +0200
Processing by QuestionsController#index as HTML
  Rendering layout layouts/application.html.erb
  Rendering questions/index.html.erb within layouts/application
  Rendered questions/index.html.erb within layouts/application (Duration: 0.6ms | Allocations: 103)
  Rendered layout layouts/application.html.erb (Duration: 16.4ms | Allocations: 15315)
Completed 200 OK in 22ms (Views: 18.5ms | ActiveRecord: 0.0ms | Allocations: 16945)


  [1m[36mTRANSACTION (0.1ms)[0m  [1m[36mbegin transaction[0m
  [1m[36mQuestion Create (1.2ms)[0m  [1m[32mINSERT INTO "questions" ("question", "created_at", "updated_at") VALUES (?, ?, ?) RETURNING "id"[0m  [["question", "Hello"], ["created_at", "2024-06-17 11:27:21.398961"], ["updated_at", "2024-06-17 11:27:21.398961"]]
  [1m[36mTRANSACTION (3.3ms)[0m  [1m[36mcommit transaction[0m
Started GET "/" for 127.0.0.1 at 2024-06-17 13:27:24 +0200
Processing by QuestionsController#index as HTML
  Rendering layout layouts/application.html.erb
  Rendering questions/index.html.erb within layouts/application
  Rendered questions/index.html.erb within layouts/application (Duration: 0.6ms | Allocations: 104)
  Rendered layout layouts/application.html.erb (Duration: 21.0ms | Allocations: 15527)
Completed 200 OK in 28ms (Views: 23.3ms | ActiveRecord: 0.0ms | Allocations: 17165)


Started GET "/" for 127.0.0.1 at 2024-06-17 13:27:24 +0200
Processing by QuestionsController#index as HTML
  Rendering layout layouts/application.html.erb
  Rendering questions/index.html.erb within layouts/application
  Rendered questions/index.html.erb within layouts/application (Duration: 0.0ms | Allocations: 6)
  Rendered layout layouts/application.html.erb (Duration: 2.8ms | Allocations: 1263)
Completed 200 OK in 4ms (Views: 3.4ms | ActiveRecord: 0.0ms | Allocations: 1517)


Started GET "/" for 127.0.0.1 at 2024-06-17 13:27:25 +0200
Processing by QuestionsController#index as HTML
  Rendering layout layouts/application.html.erb
  Rendering questions/index.html.erb within layouts/application
  Rendered questions/index.html.erb within layouts/application (Duration: 0.0ms | Allocations: 6)
  Rendered layout layouts/application.html.erb (Duration: 2.8ms | Allocations: 1269)
Completed 200 OK in 4ms (Views: 3.4ms | ActiveRecord: 0.0ms | Allocations: 1513)


Started GET "/" for 127.0.0.1 at 2024-06-17 13:28:53 +0200
Processing by QuestionsController#index as HTML
  Rendering layout layouts/application.html.erb
  Rendering questions/index.html.erb within layouts/application
  [1m[36mQuestion Load (0.1ms)[0m  [1m[34mSELECT "questions".* FROM "questions"[0m
  ↳ app/views/questions/index.html.erb:2
  Rendered collection of questions/_question.html.erb [1 times] (Duration: 0.7ms | Allocations: 127)
  Rendered questions/index.html.erb within layouts/application (Duration: 31.6ms | Allocations: 8714)
  Rendered layout layouts/application.html.erb (Duration: 47.1ms | Allocations: 23916)
Completed 200 OK in 53ms (Views: 46.6ms | ActiveRecord: 2.6ms | Allocations: 25554)


Started GET "/" for 127.0.0.1 at 2024-06-17 13:28:54 +0200
Processing by QuestionsController#index as HTML
  Rendering layout layouts/application.html.erb
  Rendering questions/index.html.erb within layouts/application
  [1m[36mQuestion Load (0.1ms)[0m  [1m[34mSELECT "questions".* FROM "questions"[0m
  ↳ app/views/questions/index.html.erb:2
  Rendered collection of questions/_question.html.erb [1 times] (Duration: 0.1ms | Allocations: 18)
  Rendered questions/index.html.erb within layouts/application (Duration: 1.8ms | Allocations: 548)
  Rendered layout layouts/application.html.erb (Duration: 4.7ms | Allocations: 1794)
Completed 200 OK in 6ms (Views: 5.4ms | ActiveRecord: 0.1ms | Allocations: 2038)


Started GET "/" for 127.0.0.1 at 2024-06-17 13:29:06 +0200
Processing by QuestionsController#index as HTML
  Rendering layout layouts/application.html.erb
  Rendering questions/index.html.erb within layouts/application
  [1m[36mQuestion Load (0.1ms)[0m  [1m[34mSELECT "questions".* FROM "questions"[0m
  ↳ app/views/questions/index.html.erb:2
  Rendered collection of questions/_question.html.erb [1 times] (Duration: 0.6ms | Allocations: 102)
  Rendered questions/index.html.erb within layouts/application (Duration: 8.0ms | Allocations: 3363)
  Rendered layout layouts/application.html.erb (Duration: 25.5ms | Allocations: 18769)
Completed 200 OK in 31ms (Views: 26.3ms | ActiveRecord: 2.0ms | Allocations: 20407)


Started GET "/" for 127.0.0.1 at 2024-06-17 13:29:15 +0200
Processing by QuestionsController#index as HTML
  Rendering layout layouts/application.html.erb
  Rendering questions/index.html.erb within layouts/application
  [1m[36mQuestion Load (0.1ms)[0m  [1m[34mSELECT "questions".* FROM "questions"[0m
  ↳ app/views/questions/index.html.erb:2
  Rendered collection of questions/_question.html.erb [1 times] (Duration: 0.6ms | Allocations: 102)
  Rendered questions/index.html.erb within layouts/application (Duration: 8.2ms | Allocations: 3333)
  Rendered layout layouts/application.html.erb (Duration: 22.8ms | Allocations: 18525)
Completed 200 OK in 28ms (Views: 22.4ms | ActiveRecord: 2.3ms | Allocations: 20157)


Started GET "/" for 127.0.0.1 at 2024-06-17 13:32:01 +0200
Processing by QuestionsController#index as HTML
  Rendering layout layouts/application.html.erb
  Rendering questions/index.html.erb within layouts/application
  [1m[36mQuestion Load (0.1ms)[0m  [1m[34mSELECT "questions".* FROM "questions"[0m
  ↳ app/views/questions/index.html.erb:2
  Rendered questions/_question.html.erb (Duration: 0.7ms | Allocations: 96)
  Rendered questions/index.html.erb within layouts/application (Duration: 17.4ms | Allocations: 3294)
  Rendered layout layouts/application.html.erb (Duration: 37.6ms | Allocations: 18744)
Completed 200 OK in 43ms (Views: 28.8ms | ActiveRecord: 11.0ms | Allocations: 20375)


Started GET "/" for 127.0.0.1 at 2024-06-17 13:32:53 +0200
Processing by QuestionsController#index as HTML
  Rendering layout layouts/application.html.erb
  Rendering questions/index.html.erb within layouts/application
  [1m[36mQuestion Load (0.1ms)[0m  [1m[34mSELECT "questions".* FROM "questions"[0m
  ↳ app/views/questions/index.html.erb:3
  Rendered collection of questions/_question.html.erb [1 times] (Duration: 0.8ms | Allocations: 102)
  Rendered questions/index.html.erb within layouts/application (Duration: 8.3ms | Allocations: 3296)
  Rendered layout layouts/application.html.erb (Duration: 23.8ms | Allocations: 18569)
Completed 200 OK in 29ms (Views: 23.9ms | ActiveRecord: 1.9ms | Allocations: 20206)


Started GET "/" for 127.0.0.1 at 2024-06-17 13:33:00 +0200
Processing by QuestionsController#index as HTML
  Rendering layout layouts/application.html.erb
  Rendering questions/index.html.erb within layouts/application
  Rendered questions/index.html.erb within layouts/application (Duration: 5.8ms | Allocations: 2338)
  Rendered layout layouts/application.html.erb (Duration: 6.1ms | Allocations: 2430)
Completed 500 Internal Server Error in 21ms (ActiveRecord: 0.0ms | Allocations: 4070)


  
ActionView::Template::Error ('nil' is not an ActiveModel-compatible object. It must implement :to_partial_path.):
    1: <h1>Hello</h1>
    2: 
    3: <% render @question %>
  
app/views/questions/index.html.erb:3
Started GET "/" for 127.0.0.1 at 2024-06-17 13:33:12 +0200
Processing by QuestionsController#index as HTML
  Rendering layout layouts/application.html.erb
  Rendering questions/index.html.erb within layouts/application
  [1m[36mQuestion Load (0.1ms)[0m  [1m[34mSELECT "questions".* FROM "questions"[0m
  ↳ app/views/questions/index.html.erb:3
  Rendered collection of questions/_question.html.erb [1 times] (Duration: 0.7ms | Allocations: 104)
  Rendered questions/index.html.erb within layouts/application (Duration: 14.4ms | Allocations: 3338)
  Rendered layout layouts/application.html.erb (Duration: 32.8ms | Allocations: 18743)
Completed 200 OK in 38ms (Views: 32.9ms | ActiveRecord: 2.2ms | Allocations: 20379)


Started GET "/" for 127.0.0.1 at 2024-06-17 13:33:26 +0200
Processing by QuestionsController#index as HTML
  Rendering layout layouts/application.html.erb
  Rendering questions/index.html.erb within layouts/application
  [1m[36mQuestion Load (0.1ms)[0m  [1m[34mSELECT "questions".* FROM "questions"[0m
  ↳ app/views/questions/index.html.erb:3
  Rendered collection of questions/_question.html.erb [1 times] (Duration: 0.9ms | Allocations: 102)
  Rendered questions/index.html.erb within layouts/application (Duration: 17.1ms | Allocations: 3295)
  Rendered layout layouts/application.html.erb (Duration: 71.7ms | Allocations: 18498)
Completed 200 OK in 82ms (Views: 72.5ms | ActiveRecord: 2.2ms | Allocations: 20134)


Started GET "/" for 127.0.0.1 at 2024-06-17 13:34:49 +0200
Processing by QuestionsController#index as HTML
  Rendering layout layouts/application.html.erb
  Rendering questions/index.html.erb within layouts/application
  [1m[36mQuestion Load (0.1ms)[0m  [1m[34mSELECT "questions".* FROM "questions"[0m
  ↳ app/views/questions/index.html.erb:3
  Rendered collection of questions/_question.html.erb [1 times] (Duration: 1.1ms | Allocations: 130)
  Rendered questions/index.html.erb within layouts/application (Duration: 9.2ms | Allocations: 3365)
  Rendered layout layouts/application.html.erb (Duration: 25.9ms | Allocations: 18752)
Completed 200 OK in 31ms (Views: 25.4ms | ActiveRecord: 2.5ms | Allocations: 20390)


  [1m[36mTRANSACTION (0.1ms)[0m  [1m[36mbegin transaction[0m
  [1m[36mQuestion Create (0.7ms)[0m  [1m[32mINSERT INTO "questions" ("question", "created_at", "updated_at") VALUES (?, ?, ?) RETURNING "id"[0m  [["question", "Dette er et test question"], ["created_at", "2024-06-17 11:35:10.490533"], ["updated_at", "2024-06-17 11:35:10.490533"]]
  [1m[36mTRANSACTION (0.3ms)[0m  [1m[36mcommit transaction[0m
Started GET "/" for 127.0.0.1 at 2024-06-17 13:35:21 +0200
Processing by QuestionsController#index as HTML
  Rendering layout layouts/application.html.erb
  Rendering questions/index.html.erb within layouts/application
  [1m[36mQuestion Load (0.1ms)[0m  [1m[34mSELECT "questions".* FROM "questions"[0m
  ↳ app/views/questions/index.html.erb:3
  Rendered collection of questions/_question.html.erb [2 times] (Duration: 0.8ms | Allocations: 134)
  Rendered questions/index.html.erb within layouts/application (Duration: 8.3ms | Allocations: 3339)
  Rendered layout layouts/application.html.erb (Duration: 31.0ms | Allocations: 18614)
Completed 200 OK in 36ms (Views: 31.0ms | ActiveRecord: 2.1ms | Allocations: 20246)


Started GET "/" for 127.0.0.1 at 2024-06-17 13:35:54 +0200
Processing by QuestionsController#index as HTML
  Rendering layout layouts/application.html.erb
  Rendering questions/index.html.erb within layouts/application
  [1m[36mQuestion Load (0.1ms)[0m  [1m[34mSELECT "questions".* FROM "questions"[0m
  ↳ app/views/questions/index.html.erb:3
  Rendered collection of questions/_question.html.erb [2 times] (Duration: 0.9ms | Allocations: 136)
  Rendered questions/index.html.erb within layouts/application (Duration: 9.5ms | Allocations: 3384)
  Rendered layout layouts/application.html.erb (Duration: 27.3ms | Allocations: 18635)
Completed 200 OK in 33ms (Views: 27.3ms | ActiveRecord: 2.3ms | Allocations: 20272)


